1700388292702,7NU4u@FN$c3zWDn4,00319636-a7cd-4529-832a-2eba2d3c54ab
1700388452109,nlJkhYsbsgSkj8gV,01eb7e18-7eb6-4244-9c1c-5a47c8fe8aa8
1700347577819,TGkUSJcNmsg5%aMv,1956999b-cfcb-4909-b0ea-cbd76873cf1c
1700410192946,wYGm#FpvUE2gUxJI,1bca2dea-229a-4950-a683-42d5687651db
1700395485743,RF1ZW3mOXnt0s8rg,35e00986-a730-4f4f-b1ba-2bdefeb3802e
1700355481577,BLEUM!AnhyM%E8tQ,446679c7-d699-49f3-971b-ccfd9dc75e63
1700406771673,eUpB1IFgizYFDlpy,447c6768-fab5-4261-a36c-802861b00e1d
1700338769679,jM2ZLAU05V9RR!N&,5023e280-9317-4d80-9132-1d74452d4d4e
1700345326972,yMj2jKplg@01BXUa,5479b91a-e1ec-4437-812d-3375221e7310
1700350344341,nc3b2zCboOfN3tFb,57a1cdc1-2ba6-4027-bcc6-62ef7774c400
1700356201424,HKj!2vZ!#ySSbm%Y,5f0e10a1-7625-4e36-9dd1-cff958d60c8d
1700331505206,K8vohDsBkmEaj!r7,830f8108-2414-4382-ae3a-d0fe26636f78
1700401081430,ssrr$4e!XgiB&FHp,8664e234-3ec2-4961-837e-a0061571963a
1700404507020,Qt@EF&2ZrZ0vyVfM,8de423ea-c4e7-4d8a-abcf-dd707b1cb528
1700393543125,&na&vnHvGyLi0hUz,94bb3d5c-c323-407e-a0cd-8fdbfd85fc79
1700393927531,07Lwei%lO4SDrbvL,94db63a2-488c-4c44-8e97-dd3d756c1d9e
1700396700343,tI6HGo0ped3H0s0g,9aadc062-2158-400b-8541-5d5777b22d4c
1700354480665,&MO#bWBEihbSV2TX,b39f60a5-e0b2-434e-a48d-418065e0ae3a
1700353053472,nlJkhYsbsgSkj8gV,b40ba27f-3c2c-4e16-b885-866622bb7026
1700392599994,wqqDXLXV6LiS$4p6,b40ba27f-3c2c-4e16-b885-866622bb7026
1700394407022,8ptiu1dPL!d883h%,b984e245-1e9c-45cf-94b4-169eaef51567
1700330751998,9eZ0%vmx8rI6zRrw,d42a5ac9-123c-4633-a53d-f7402dce6034
1700398614687,5KIt3DWs!EHKy!zt,d6a7fce4-0b7c-4b4f-82b0-eaa35566857f
1700387653421,vGpXXn&NkAXbGet9,e9c35ce3-12a5-4226-bbf3-971d154b0f60
1700336495704,J1jLqrVFc9ZWWP#X,f26fcb3c-f443-4993-9af7-71b2260b3e9c
1700387992153,P!edDBzIRiwjpDad,f6aae824-2f27-465a-93b6-209381203eeb
1700356537839,%irH$3r75QRrlysP,f8c9903d-369d-4db7-a847-0d985279b897
