1700475043681,Y1vs8D#36YaJdXGU,94c6f4bf-97d5-4ffc-babf-8315a84531a4
1700444703640,v5LAN8ROnz@oQz@C,446679c7-d699-49f3-971b-ccfd9dc75e63
1700457430195,$vrnNvArV$iM78qC,c94e40bd-6840-4581-8f0d-ec93384d91ba
1700473386275,%4#XPaMyiK834#4%,cda789f5-8f2b-4725-9e90-408f8fe1a66d
1700420710262,XWFoszk7M%@LHRQK,d864f9ae-e929-4447-93f0-6e6a66973993
1700411735036,k17K3nj87y&B6DLm,0c033139-9110-463e-89cf-d9e273ef29d1
1700512614311,YdTiPXdkfZFhT2IL,6dff2475-be6a-4dcb-b326-85da90a21297
1700572612012,xxgLvvuwTRJ8Yoas,09a18a5a-218b-4f33-86c4-3a9c5d883c6a
1700466323820,yDU$d7URCdMWCbje,d2c68382-7a3e-4bb3-8bc1-14703a654080
1700569337896,&Ega%!EXsX1LRuV6,272274e2-2af4-437b-8b25-cf7f343875cb
1700489566886,8#3cCT8nM#XED6oG,9a59dcd7-df4c-41d3-9bd8-e1fdf440afc5
1700475738459,cGs6dikzQ1KDPvUc,e713e93b-d212-4321-a238-a3258e02770d
1700560496527,O5tWQ6RRs7nQXZR4,970c21d8-c117-4a1c-883e-5f1db61c78d7
1700435086196,JJQY7#wYdeXEsl@Z,1d8b1976-4864-41d9-b216-4540cd265dbd
1700458160711,kYxHr@x8tJ96%Fpz,5caf4eda-30d4-4871-81d3-d2e774022281
1700450687863,OBUFZAW0EJ33LtnL,3b226349-6640-459e-bafe-41ebc4977fee
1700487510816,CH8BZ4lPrPFoaJ@H,c5188889-2dcd-4013-a030-908c33304655
1700492701362,YsTgn@o&PBkC5M8R,d7a5ea2a-08d1-4c7d-8540-681c05a59d49
1700498215092,8bMkKKOUQ7JY!JCt,e713e93b-d212-4321-a238-a3258e02770d
1700454752388,2flSgp1lqxkagO&J,50b214ca-65d6-4cc7-97a8-c7eac1409d73
1700482464957,hh8DXfMKqfo5J4pF,111d82ff-a279-4367-b60a-767754a514be
1700505831349,rSxfL7u26RUNN#0#,91a5847f-0764-4a98-b599-9d028b031f0a
1700530803024,vEP%N7YYOWzgIzmc,5271d6eb-0f7c-4943-b8e7-3e197edc8fc8
1700571852758,fUysk0Pvl1c!P&6z,0c033139-9110-463e-89cf-d9e273ef29d1
1700417181455,iZEWdpkhe4J4%&kg,540a4972-186c-438c-bb5b-973dc7d59fad
1700537121837,RNiMN7z4gcSTcDt0,2177ce39-d454-45c8-a0f3-38a3f8fe15fc
1700536896516,T9JZsxVgj4xnN5$M,6c7e7f2b-4814-4115-bff8-c2f40be98ef0
1700534644715,cY!V8UvDX%c3TE4w,ff43e006-91c7-473f-a887-a494602b7368
1700559958525,4VzvQp!48H3VXdLN,f6aae824-2f27-465a-93b6-209381203eeb
1700502308133,%Fwrh9oD4OxTBsWV,e47b5bb1-4da9-4c7c-b243-c9d83270631a
1700503964604,gD2fB5#BEqpkXh$&,5349d6ea-326d-47a5-8f5b-03b2fe891ade
1700519111430,B#sT@39MfEPJE2Es,9a9ad5c1-85ef-421b-a473-9e904a68182a
1700582263695,393g6jca$8w3kPxD,106b747f-d93d-4084-98fd-2a3c85d10f8a
1700509825339,5hwcH$#OmmGwyVh4,106b747f-d93d-4084-98fd-2a3c85d10f8a
1700479457573,zmsuV1gMS5w5wUY9,425904c7-b409-48be-ab90-1a36d3f73a6e
1700461148614,OQMy3hhi1@H8xGCz,2177ce39-d454-45c8-a0f3-38a3f8fe15fc
1700552887248,z$%FxTCIlaAxk$5w,a226d189-2cb7-4aa5-bc26-dabfd896a84d
1700424202978,K3far7TlzyP!NhYC,e489cd7c-58af-49f3-89de-2335ef710c10
1700425829435,D&rzvH!%gaMRDS68,a6b43f57-9d4f-4833-9963-fb885e84fbb7
1700450317947,Q%zn5UmgJ1TY2dvv,11149f95-88e3-4959-96d4-66abde1414b6
1700476892120,2gH9yrVYQ4yWxqlH,04f8b6ea-662c-43c8-8270-fdfe648e0a29
1700499078970,4EOJ$w6M6yoWUInF,db548855-fefc-4d94-9bed-d09979b6b7c6
1700448069633,tjFKa2OXXjFizYK4,d05210cc-30c7-4555-8261-1a745e428f38
1700433413239,GzY3AqIQ0W%&Vv2z,9e0b291c-f569-463f-a015-41281207977f
1700459715445,v1NJpPQFnoPxWs7K,0b74191c-2407-4dab-b211-79cd46ac7096
1700519436788,GyKrOH2wQq10Fq03,63778ea6-219c-4980-9f56-eebd727d1c0d
1700427233583,5xV48SRUK7O5jQsw,37c6a367-e944-4329-ae64-51eca4a3a2b7
1700444152252,apGYGkRtbtqhAKiE,787db7f6-cdf9-45f1-b9ae-0eb919e33e9c
1700551595800,%irH$3r75QRrlysP,393c3b46-8ed0-4aa9-86d4-5d159b193b99
1700471038126,h!SCsOBSvMO8ft8D,b4951936-5da2-42ce-ab88-ccbf26473fe8
1700535780456,ZfF$9YDamGkw7D1P,50b214ca-65d6-4cc7-97a8-c7eac1409d73
1700423576186,cKeL#cvscS!EP@un,fac53188-f441-483b-b24c-4b473ee60f83
1700541318945,6rqGyAgzx@%f0So@,19f19471-49b4-489e-b16d-ad7dedbc2a4d
1700581992398,SzM9NAuhHQtcUr7G,55d40065-1a77-4507-9c76-88f3d5fe32ff
1700510245356,O1Po09r!tkezpTXO,0beeca75-3a9d-492d-a338-f5c163ba7f88
1700567007300,A4eC3VJI5Pd8cWOg,a7d461b1-9486-47a9-b1be-f77521d8ba12
1700582693551,7GG4daggHxpt!B2&,6bb84123-aeea-4544-9abe-c32da713284c
1700455372962,MWJek5AZSUzVrutX,c6119217-88a9-4674-a3ca-afb1eade47e0
1700429091798,5J%pnrU0z6nWnqRU,7bcbea55-6082-4382-a50e-011148928cbd
1700560484030,n83#qyOMVdpPqcG5,afe63fee-22de-4eeb-9a69-7bafbca79951
1700441787198,rQYkRoroOFsk%WVr,01eb7e18-7eb6-4244-9c1c-5a47c8fe8aa8
1700575958816,YLR0O%vv5LK244YZ,a068b600-7edd-491f-804b-353eba87a8f6
1700426109114,3OiH%%6!Pgf98oml,57a15e6d-411e-428c-b5aa-18e9aa51c34f
1700457261745,lenWNTUgC03fDP%G,232798c1-e492-4ab5-b311-9132a212cd20
1700443771667,@66Qtn7R5ZsncqfY,deeda92e-ceae-4ed4-a910-286c5f6ca2f1
1700558949188,2Lvc9Gnf2xs4uivJ,09eff631-6203-4e26-9a05-a46dd48b9605
1700443238207,LqL1TLtp1rvEPCmz,beb5a30c-ac57-4bc0-9e81-a57df63b8f94
1700531635886,Cdk%nAZUip590Q5x,8741fb13-b342-49bb-b3ab-b52236ce2a63
1700484845314,%RTDZYD3nhoCFHW9,e97aa749-fe48-4771-a579-a222b66e819c
1700464267290,10X6Z3ViuWZQ1pSJ,cccb3ea8-c342-49b9-b68c-c992e10a992d
1700485627770,#b9L&c5tcpDpCUir,a95feec9-7de2-4037-8645-08e0fe896e8e
1700549813153,AU8dMlu7irqCGz9@,25513bc2-1653-418a-a936-119aba2d39c8
1700504319026,!eT3H#wk505qNqic,203b28fb-40bc-491a-bf10-0b006e5e2cc3
1700435638129,KHnAds0oilDjsbaz,d32dc57f-c808-4f5c-96e9-e40e8872b558
1700514841939,O5tWQ6RRs7nQXZR4,779c1d28-961a-4635-a890-6b3fbc01a15c
1700493425034,trONzR%fuGWX&RMu,b2b34d53-28a0-4923-a7da-7bf5deda8aef
1700491771037,NxgzuLPQRKvQy7!n,ebda23ff-6d5b-4406-ab7a-ac45a625cd6b
1700446994153,Qao&HFKVKidM4Xrj,20c0b651-89c7-4b6e-b395-568567489608
1700559458930,gvAq7UpZ%!mkakPO,f5bf3ad1-da74-4395-b378-25ac4377fe8d
1700540546770,t0FQ3Z8qeMNI9dj0,d6a7fce4-0b7c-4b4f-82b0-eaa35566857f
1700478994651,uIMPGA32nEJlCprd,aaae0e0f-9aae-4225-aa15-a31ec92e2ba0
1700475531118,aQBk0RMHaCP4RNl3,fbcfa160-a139-4ddc-83af-294ba2c635c3
1700479019121,8Qd5flmN!ij4W$nv,0bac322e-91d4-494d-ba9d-428290408855
1700493353593,yk0Pg1pkgNom$0to,47961b5a-267f-480f-b53f-41e24e2644af
1700495481613,%quRe%mqgC&ieZQ2,5b3f1b96-e4ef-4d3f-9897-23b41fe17825
1700438105476,Wk1jtK8p&TcDjaDa,d32dc57f-c808-4f5c-96e9-e40e8872b558
1700444199740,C9g$KY5uMluXaHtH,c75185a0-f105-4d2f-9b93-07c48ae23ac7
1700583214839,NdYIEUQ6NTZ!qpX0,6f684730-d84f-4dd7-a5b4-289af72db8b1
1700432602669,fUysk0Pvl1c!P&6z,91bf2cdb-99ec-4041-b29a-1515f8a971de
1700453633147,!PmI9KFIdxrwjsqv,482b8cb8-7d93-4f46-9641-e1cf978c4ef1
1700508412007,8m8o@AlzMkSjyXxD,19513496-c5ed-438a-98b4-e68f72374d3c
1700462295228,a5y2z7OrnSbhRiG!,04f8b6ea-662c-43c8-8270-fdfe648e0a29
1700511065600,fv7%MNmITT6lU&wM,23f28f55-0b4e-4573-8a36-876339c3fde6
1700417518498,iqK5HnxbjaseUeue,1c81d5de-585c-4abb-af54-249e13b4c48e
1700493335393,NP1S$2kiJfnU5tDH,1e62ee07-234f-49b9-8757-27dbd1a77d62
1700559201457,5SHdG&NqsOTOnd2q,106b747f-d93d-4084-98fd-2a3c85d10f8a
1700431449710,L065UL%yybmCgNjV,48f21d45-2fc9-433c-8472-d3f25ce94da6
