1700573675641,2@7J#iF!7yWN$Ws&,15272b36-8977-4094-8d88-ad030c6dfc01
1700568963308,Jf9trTlrGar2Zo7E,443d2851-ccae-4402-b536-744636cfef5f
1700691593857,0obncYmzaWhyV5TD,676f9615-abb0-4c66-8cee-4575b906e56a
1700741274282,6dGBCnr$Y&5aRXi1,ae5c86a7-ea90-4c7f-a48f-fdbe516ab565
1700508431397,hXYLzkl8proSdCmo,01d3fb7a-f838-40aa-af1c-f29516ae4555
1700750413953,YwSNM8s1apUz$fE$,8cc94104-2215-4d38-8d83-7cdf089d9aed
1700719081522,LAXsffKVWN%BvZRX,9d1d7cf3-3613-4b85-baa6-5ce55f5b16c0
1700525896593,5fMyaL8sEAYSx2j8,fbcfa160-a139-4ddc-83af-294ba2c635c3
1700726224353,fcRn98yh3rA3w2tR,779c1d28-961a-4635-a890-6b3fbc01a15c
1700699166011,P5Khv!oHOHsGvT1n,6ba1e9a1-e36e-4cc6-96cd-2903c06a23a8
1700598196819,9eZ0%vmx8rI6zRrw,c0a3ff48-5a45-4a1d-ab34-969514933ec2
1700692533091,xu0aDxWP@FUOIcL8,5565e76e-041d-42a7-87d4-fa548c607305
1700526705343,SVSTRfaYj9O9BEtp,fb9d05f7-1ec9-48ab-b76d-d0867576e55f
1700731763033,M8g#2Sj!@@ZyiuJU,84176701-9a1e-4215-80eb-e01af08a7cba
1700577573702,Qao&HFKVKidM4Xrj,27ba135b-4d8d-484d-839d-c92bd512a8f5
1700547295754,VtSC1pL3pBsWDNhz,b2d2871c-8d7b-412f-9a6b-ed0f9f41c065
1700655707845,WggfbgDxMZGFb8CU,5575a4aa-b929-4299-b422-434b19dc1102
1700756747983,tHsDw0mbH#wGkM&3,0cca6019-27e3-41f9-bdfa-ee5b972f1dad
1700613900569,&TW0btb7c!sDu8N$,0665f4ec-74a7-4b12-bfbc-308d718cb219
1700684144744,s5J#vsD&OjJES@ew,686dd3ee-c5f0-4730-b4b5-ac498fbd596f
1700580369966,8m8o@AlzMkSjyXxD,d864f9ae-e929-4447-93f0-6e6a66973993
1700529765352,Ix1ISu#Q84FlPVi6,1bf6492c-b9bb-4f6f-9bf7-a18b57115f63
1700515654598,sEOdZhTUJurvqFxV,86189b0d-7a6b-4a35-91c9-db7693192ff2
1700655116682,9ALuC9KGxuTbWk%P,4f8201e4-08a5-4fce-950d-c17134e696d0
1700516953428,pjbaFnrmNZ6&JZns,fac53188-f441-483b-b24c-4b473ee60f83
1700556568600,#lW@8ASV1ngmfp83,487e1b95-af83-4bfd-965b-6c23711be861
1700741728069,vPt0#kLFHZQBkWjm,f6285a68-024d-48c5-b784-b3e8cbffbda4
1700622055234,Jf9trTlrGar2Zo7E,c5321979-db66-4b7b-b662-d53d46104d1d
1700699756539,FDd19Mu#665pOjWy,2f1c792b-25ab-4e23-88e7-2dab15ea01da
1700645865051,%PtkxUpxqaLpyYl8,5e502eef-7a75-45e8-9fde-e53d2959149b
1700733670179,2Gy%VL#nYlzirUox,50b214ca-65d6-4cc7-97a8-c7eac1409d73
1700554465062,OErDJ@Iin3#QG2v8,37c6a367-e944-4329-ae64-51eca4a3a2b7
1700684996202,3c7!51X8Me5493Yf,425904c7-b409-48be-ab90-1a36d3f73a6e
1700675533483,gSk0cyUaW69tN8Sj,4a4c077d-b81d-4d35-af71-33b2164ee4d7
1700641396033,ootZel5jden1J3Yb,b0b35239-2ad8-4747-9d31-fc16554bac71
1700566163595,hWz6IOC3AS#lW1TU,88af6354-8dc3-44b1-abf2-d2c811d78bcc
1700651512277,L#Qmf55qJvs%31s0,d05210cc-30c7-4555-8261-1a745e428f38
1700736652829,Sh%0LGw3v9yYKdab,aa5f00b8-a402-4c75-a4c5-43696e5da835
1700685042588,cM5eKYVUr9AszIP2,447c6768-fab5-4261-a36c-802861b00e1d
1700661957968,D4v@i$Q92L6g4ro@,84176701-9a1e-4215-80eb-e01af08a7cba
1700652225523,v7J%t7o@4S9Su%DU,762c22c4-9467-43e3-a809-29b8a28bd32d
1700602383451,HpJycZktORh9gi!e,f8889cd7-321b-4cb9-baba-94a204ca2a31
1700615379437,tOS5Ql2HXKfBjgQR,a78708b1-e650-42a0-82cd-436bd853476c
1700563427719,$ZgowgEk9CGxEatk,14b1b802-b1fb-4bf8-a076-d237f21df750
1700730458688,HF7ob2BK#JEQ8@HF,e1b859dc-41cd-4963-a313-f1f2d6d6347a
1700546645651,wYGm#FpvUE2gUxJI,0b74191c-2407-4dab-b211-79cd46ac7096
1700502210528,Y5Dv#dmv0q0cJpPn,7ca8468f-d5c0-47b7-b2c2-7621f29ebe0e
1700550446977,llZ5LeQjaPSm9KGJ,912e6009-0f0e-43ee-85e2-57cd9c16126e
1700637908285,SzOsAnQ6LvzVRhxX,d32dc57f-c808-4f5c-96e9-e40e8872b558
1700689943124,ZouKCI#atZQj1J0T,7d72eeaa-8572-43ff-ae73-3db5470711c8
1700652130896,@ZTHtIivE@wjeY6o,b2b34d53-28a0-4923-a7da-7bf5deda8aef
1700577932887,SzM9NAuhHQtcUr7G,9a8c536e-076f-4dc6-8e0b-9519967017bf
1700720232844,07Lwei%lO4SDrbvL,540a4972-186c-438c-bb5b-973dc7d59fad
1700606182297,nc3b2zCboOfN3tFb,78cf4284-0a5a-4cc4-bd99-055a581e4cd5
1700609830782,OErDJ@Iin3#QG2v8,1cea0ff4-6515-4caf-9848-f44dc49aebe2
1700524660263,s#hUyqf0o!y2tOYM,5565e76e-041d-42a7-87d4-fa548c607305
1700597501387,%nLD9FcDl&kXp&T&,ba1df788-3534-4765-919b-bfa0c089f80a
1700628941515,P7TnwDJeg86tp%jq,b40ba27f-3c2c-4e16-b885-866622bb7026
1700524467450,Aj5yB4M9b4VNSO0D,779c1d28-961a-4635-a890-6b3fbc01a15c
1700640435517,3jy#E$8eclgwcK!v,0b74191c-2407-4dab-b211-79cd46ac7096
1700555324216,2fWH!2yXfx3KDJuv,8ecaddd5-8d5c-4c8e-a9bb-2ff5565f89f6
1700629947202,wzQPiSQ$ruQ8Qh$6,00319636-a7cd-4529-832a-2eba2d3c54ab
1700741253356,Jmhl7X8J36qEg2pM,dce6c187-72a6-4267-9f53-6e8e526e961a
1700521076086,pjbaFnrmNZ6&JZns,dbfaaa68-1fa8-460b-b9c4-f7ab8a155819
1700715166011,CgEaQvv1SDOAOfVB,beb5a30c-ac57-4bc0-9e81-a57df63b8f94
1700705717272,Qt@EF&2ZrZ0vyVfM,94bb3d5c-c323-407e-a0cd-8fdbfd85fc79
1700636337204,T9JZsxVgj4xnN5$M,e489cd7c-58af-49f3-89de-2335ef710c10
1700627094582,EK9qV#qc2&6JpdEX,c3a66a51-cae1-43a3-ba75-a15959d439d9
1700579519516,&XTtM%KUhuCUT9I#,48f21d45-2fc9-433c-8472-d3f25ce94da6
1700614835152,blO1aiLOP6iOkV71,2f9535ec-7de4-4b89-9e61-5fb37218e8bf
1700675882776,CIBchgW%46iolWv3,dcd56d37-afdc-406e-b661-f350994765c3
1700698940261,NXja6nWiDNgd1ESe,18322979-0911-4742-ba88-ae546a44778d
1700529296151,QWjG1tlw!zvYiExb,0e061c64-960a-4398-b006-8492327a1948
1700506920930,tD9fdXzeQdoX$Hyn,9a8c536e-076f-4dc6-8e0b-9519967017bf
1700524778369,KXJ63hxOI9sTGp0Q,b84a4dbd-5be7-4919-9386-9b63ecb53c3c
1700697103210,rUORMuWM0e@f0t7u,f26fcb3c-f443-4993-9af7-71b2260b3e9c
1700656568008,lpr1B5a!MZH#QF2h,0aece633-ad55-49d2-a864-1e73e315c59f
1700628669258,@jn$u6zflSHUDNbb,469a5f7e-68a1-4edd-a0e8-804fe66e3976
1700673437971,l3nZRPeqZA5$ahHM,04ba02ee-f170-4e97-a76d-976021750444
1700637340068,ojkXRx5Qco4wP5h9,cb891131-0473-444c-b635-e6a79b45a91b
1700644873860,3nki@ovY5xaJjF9r,c2641858-756e-4db7-ba7b-5baf74083a06
1700685526754,5hwcH$#OmmGwyVh4,a67694c0-1eca-4926-98ef-027f4a63a2f9
1700542283191,@jn$u6zflSHUDNbb,8741fb13-b342-49bb-b3ab-b52236ce2a63
1700632533024,N59Yqc2XiJ34wEn%,7020d7e9-d300-45b5-be2b-5a5c673b5fb0
1700564079862,JaqsZ%IkTdgmpyFA,9350713e-3ec5-4473-9d20-984f49d25530
1700530084785,u4tpoUqDqsb@uq8e,e010b5f5-d893-4ac8-9144-2fc2c1b067d8
1700682723370,Iit11wrGfL4k%Wif,676f9615-abb0-4c66-8cee-4575b906e56a
1700598047085,rQYkRoroOFsk%WVr,15272b36-8977-4094-8d88-ad030c6dfc01
1700683263817,Kf$u@h$0vmFSjcru,9f95829f-531b-468b-8ff7-e63a3953a9e0
1700507266660,YU2a9isrL5eXhUsW,d8419865-8bfe-4e3e-9524-7ee38db79f52
1700645579229,nn1TX#etsAfpgXEz,895ba506-3b25-43be-94c1-3879b610c2df
1700535703634,Wx6CyzyCnzj5ON!V,817899e1-3a1b-4bfc-a1d4-ca4441afb0eb
1700537670002,$eW&#IZlVFcY&odq,d19bb3e0-ebc8-4a81-9a33-aed7cd0acf71
1700665491295,PzLY9yn5Sx8Wv9jy,1bca2dea-229a-4950-a683-42d5687651db
1700577723537,kH7u4J6x2ASZl#r5,5d61684f-7a3a-4ca0-ac02-4fcb41a8a555
1700602641508,sqNSDU&jpSGMXHKw,984eb10a-993f-4663-801e-5e157a74088b
1700663259592,0Ob913x8PWtLiG4%,d6a7fce4-0b7c-4b4f-82b0-eaa35566857f
1700550198702,$ZgowgEk9CGxEatk,bbcad471-10f8-4bb1-be28-b11ca6e65c68
